<?xml version="1.0" encoding="UTF-8"?>
<testng-results skipped="0" failed="0" total="1" passed="1">
  <reporter-output>
  </reporter-output>
  <suite name="Suite" duration-ms="23" started-at="2020-03-29T16:43:37Z" finished-at="2020-03-29T16:43:37Z">
    <groups>
    </groups>
    <test name="Test" duration-ms="23" started-at="2020-03-29T16:43:37Z" finished-at="2020-03-29T16:43:37Z">
      <class name="newproj.Yest">
        <test-method status="PASS" signature="hello()" name="hello" duration-ms="10" started-at="2020-03-29T16:43:37Z" finished-at="2020-03-29T16:43:37Z">
        </test-method>
      </class>
    </test>
  </suite>
</testng-results>
