<?xml version="1.0" encoding="UTF-8"?>
<testng-results skipped="0" failed="0" total="1" passed="1">
  <reporter-output>
  </reporter-output>
  <suite name="Default suite" duration-ms="45" started-at="2020-03-26T19:42:23Z" finished-at="2020-03-26T19:42:23Z">
    <groups>
    </groups>
    <test name="Default test" duration-ms="45" started-at="2020-03-26T19:42:23Z" finished-at="2020-03-26T19:42:23Z">
      <class name="newproj.Yest">
        <test-method status="PASS" signature="hello()" name="hello" duration-ms="24" started-at="2020-03-26T19:42:23Z" finished-at="2020-03-26T19:42:23Z">
        </test-method>
      </class>
    </test>
  </suite>
</testng-results>
